0 info it worked if it ends with ok
1 verbose cli [ 'c:\\Program Files (x86)\\nodejs\\node.exe',
1 verbose cli   'c:\\Program Files (x86)\\nodejs\\node_modules\\npm\\bin\\npm-cli.js',
1 verbose cli   'install',
1 verbose cli   '-g',
1 verbose cli   'express-generator' ]
2 info using npm@2.5.0
3 info using node@v0.10.35
4 silly cache add args [ 'express-generator', null ]
5 verbose cache add spec express-generator
6 silly cache add parsed spec { raw: 'express-generator',
6 silly cache add   scope: null,
6 silly cache add   name: 'express-generator',
6 silly cache add   rawSpec: '',
6 silly cache add   spec: '*',
6 silly cache add   type: 'range' }
7 verbose addNamed express-generator@*
8 silly addNamed semver.valid null
9 silly addNamed semver.validRange *
10 silly addNameRange { name: 'express-generator', range: '*', hasData: false }
11 silly mapToRegistry name express-generator
12 silly mapToRegistry using default registry
13 silly mapToRegistry registry https://registry.npmjs.org/
14 silly mapToRegistry uri https://registry.npmjs.org/express-generator
15 verbose addNameRange registry:https://registry.npmjs.org/express-generator not in flight; fetching
16 verbose request uri https://registry.npmjs.org/express-generator
17 verbose request no auth needed
18 info attempt registry request try #1 at 18:24:07
19 verbose request id eec745e12c5b3290
20 verbose etag "9LEDNBUQFES5NAC1VKJ7XDLQ3"
21 http request GET https://registry.npmjs.org/express-generator
22 http 304 https://registry.npmjs.org/express-generator
23 silly get cb [ 304,
23 silly get   { date: 'Sun, 22 Feb 2015 23:24:07 GMT',
23 silly get     server: 'Apache',
23 silly get     via: '1.1 varnish',
23 silly get     'last-modified': 'Sun, 22 Feb 2015 23:24:07 GMT',
23 silly get     'cache-control': 'max-age=60',
23 silly get     etag: '"9LEDNBUQFES5NAC1VKJ7XDLQ3"',
23 silly get     age: '0',
23 silly get     'x-served-by': 'cache-jfk1023-JFK',
23 silly get     'x-cache': 'MISS',
23 silly get     'x-cache-hits': '0',
23 silly get     'x-timer': 'S1424647447.650146,VS0,VE26',
23 silly get     vary: 'Accept',
23 silly get     'content-length': '0',
23 silly get     'keep-alive': 'timeout=10, max=50',
23 silly get     connection: 'Keep-Alive' } ]
24 verbose etag https://registry.npmjs.org/express-generator from cache
25 verbose get saving express-generator to C:\Users\bobin_000\AppData\Roaming\npm-cache\registry.npmjs.org\express-generator\.cache.json
26 silly addNameRange number 2 { name: 'express-generator', range: '*', hasData: true }
27 silly addNameRange versions [ 'express-generator',
27 silly addNameRange   [ '1.0.0',
27 silly addNameRange     '3.0.0',
27 silly addNameRange     '4.0.0',
27 silly addNameRange     '4.2.0',
27 silly addNameRange     '4.8.0',
27 silly addNameRange     '4.9.0',
27 silly addNameRange     '4.10.0',
27 silly addNameRange     '4.11.0',
27 silly addNameRange     '4.11.1',
27 silly addNameRange     '4.11.2' ] ]
28 verbose addNamed express-generator@4.11.2
29 silly addNamed semver.valid 4.11.2
30 silly addNamed semver.validRange 4.11.2
31 silly cache afterAdd express-generator@4.11.2
32 verbose afterAdd C:\Users\bobin_000\AppData\Roaming\npm-cache\express-generator\4.11.2\package\package.json not in flight; writing
33 verbose afterAdd C:\Users\bobin_000\AppData\Roaming\npm-cache\express-generator\4.11.2\package\package.json written
34 silly install resolved [ { name: 'express-generator',
34 silly install resolved     description: 'Express\' application generator',
34 silly install resolved     version: '4.11.2',
34 silly install resolved     author: { name: 'TJ Holowaychuk', email: 'tj@vision-media.ca' },
34 silly install resolved     contributors: [ [Object], [Object], [Object], [Object], [Object], [Object] ],
34 silly install resolved     keywords:
34 silly install resolved      [ 'express',
34 silly install resolved        'framework',
34 silly install resolved        'sinatra',
34 silly install resolved        'web',
34 silly install resolved        'rest',
34 silly install resolved        'restful',
34 silly install resolved        'router',
34 silly install resolved        'app',
34 silly install resolved        'api' ],
34 silly install resolved     repository: { type: 'git', url: 'https://github.com/expressjs/generator' },
34 silly install resolved     license: 'MIT',
34 silly install resolved     dependencies: { commander: '2.6.0', mkdirp: '0.5.0', 'sorted-object': '1.0.0' },
34 silly install resolved     main: 'bin/express',
34 silly install resolved     preferGlobal: true,
34 silly install resolved     bin: { express: './bin/express' },
34 silly install resolved     devDependencies: { mocha: '~2.1.0', rimraf: '~2.2.8', supertest: '~0.15.0' },
34 silly install resolved     engines: { node: '>= 0.10' },
34 silly install resolved     files: [ 'LICENSE', 'bin/', 'templates/' ],
34 silly install resolved     scripts:
34 silly install resolved      { test: 'mocha --reporter spec --bail --check-leaks test/',
34 silly install resolved        'test-ci': 'mocha --reporter spec --check-leaks test/' },
34 silly install resolved     gitHead: '5f0a6a48d294eb7060fecf0a2ad40c19806a71ff',
34 silly install resolved     bugs: { url: 'https://github.com/expressjs/generator/issues' },
34 silly install resolved     homepage: 'https://github.com/expressjs/generator',
34 silly install resolved     _id: 'express-generator@4.11.2',
34 silly install resolved     _shasum: 'f8c78730ca07c191129f50471b401786c26ebbc5',
34 silly install resolved     _from: 'express-generator@*',
34 silly install resolved     _npmVersion: '1.4.28',
34 silly install resolved     _npmUser: { name: 'dougwilson', email: 'doug@somethingdoug.com' },
34 silly install resolved     maintainers: [ [Object], [Object], [Object], [Object], [Object], [Object] ],
34 silly install resolved     dist:
34 silly install resolved      { shasum: 'f8c78730ca07c191129f50471b401786c26ebbc5',
34 silly install resolved        tarball: 'http://registry.npmjs.org/express-generator/-/express-generator-4.11.2.tgz' },
34 silly install resolved     directories: {},
34 silly install resolved     _resolved: 'https://registry.npmjs.org/express-generator/-/express-generator-4.11.2.tgz',
34 silly install resolved     readme: 'ERROR: No README data found!' } ]
35 info install express-generator@4.11.2 into c:\Program Files (x86)\nodejs
36 info installOne express-generator@4.11.2
37 verbose installOne of express-generator to c:\Program Files (x86)\nodejs not in flight; installing
38 verbose lock using C:\Users\bobin_000\AppData\Roaming\npm-cache\_locks\express-generator-1494476d3af7d66b.lock for c:\Program Files (x86)\nodejs\node_modules\express-generator
39 silly install write writing express-generator 4.11.2 to c:\Program Files (x86)\nodejs\node_modules\express-generator
40 silly cache addNamed cb express-generator@4.11.2
41 verbose unbuild node_modules\express-generator
42 verbose gentlyRm vacuuming c:\Program Files (x86)\nodejs\node_modules\express-generator
43 verbose tar unpack C:\Users\bobin_000\AppData\Roaming\npm-cache\express-generator\4.11.2\package.tgz
44 verbose tar unpacking to c:\Program Files (x86)\nodejs\node_modules\express-generator
45 verbose gentlyRm vacuuming c:\Program Files (x86)\nodejs\node_modules\express-generator
46 silly gunzTarPerm modes [ '777', '666' ]
47 error tar.unpack untar error C:\Users\bobin_000\AppData\Roaming\npm-cache\express-generator\4.11.2\package.tgz
48 verbose unlock done using C:\Users\bobin_000\AppData\Roaming\npm-cache\_locks\express-generator-1494476d3af7d66b.lock for c:\Program Files (x86)\nodejs\node_modules\express-generator
49 verbose fstream_path c:\Program Files (x86)\nodejs\node_modules\express-generator
50 verbose fstream_type Directory
51 verbose fstream_class DirWriter
52 verbose stack Error: EPERM, mkdir 'c:\Program Files (x86)\nodejs\node_modules\express-generator'
53 verbose fstream_stack c:\Program Files (x86)\nodejs\node_modules\npm\node_modules\fstream\lib\dir-writer.js:36:23
53 verbose fstream_stack c:\Program Files (x86)\nodejs\node_modules\npm\node_modules\mkdirp\index.js:46:53
53 verbose fstream_stack Object.oncomplete (fs.js:108:15)
54 verbose cwd d:\courseware\javascript learning\MEAN-Workshop
55 error Windows_NT 6.2.9200
56 error argv "c:\\Program Files (x86)\\nodejs\\node.exe" "c:\\Program Files (x86)\\nodejs\\node_modules\\npm\\bin\\npm-cli.js" "install" "-g" "express-generator"
57 error node v0.10.35
58 error npm  v2.5.0
59 error path c:\Program Files (x86)\nodejs\node_modules\express-generator
60 error code EPERM
61 error errno 50
62 error Error: EPERM, mkdir 'c:\Program Files (x86)\nodejs\node_modules\express-generator'
62 error  { [Error: EPERM, mkdir 'c:\Program Files (x86)\nodejs\node_modules\express-generator']
62 error   errno: 50,
62 error   code: 'EPERM',
62 error   path: 'c:\\Program Files (x86)\\nodejs\\node_modules\\express-generator',
62 error   fstream_type: 'Directory',
62 error   fstream_path: 'c:\\Program Files (x86)\\nodejs\\node_modules\\express-generator',
62 error   fstream_class: 'DirWriter',
62 error   fstream_stack:
62 error    [ 'c:\\Program Files (x86)\\nodejs\\node_modules\\npm\\node_modules\\fstream\\lib\\dir-writer.js:36:23',
62 error      'c:\\Program Files (x86)\\nodejs\\node_modules\\npm\\node_modules\\mkdirp\\index.js:46:53',
62 error      'Object.oncomplete (fs.js:108:15)' ] }
63 error Please try running this command again as root/Administrator.
64 verbose exit [ 50, true ]
65 verbose unbuild node_modules\express-generator
66 verbose gentlyRm vacuuming c:\Program Files (x86)\nodejs\node_modules\express-generator
